<?xml version="1.0" encoding="UTF-8"?>
<testng-results ignored="0" total="5" passed="4" failed="1" skipped="0">
  <reporter-output>
  </reporter-output>
  <suite started-at="2020-09-23T10:00:00 IDT" name="Suite" finished-at="2020-09-23T10:00:47 IDT" duration-ms="47496">
    <groups>
      <group name="change currency test">
        <method signature="MainRunner.changeCurrency()[pri:3, instance:tests.MainRunner@2ddc8ecb]" name="changeCurrency" class="tests.MainRunner"/>
      </group> <!-- change currency test -->
      <group name="validate prices">
        <method signature="MainRunner.validatePrices()[pri:5, instance:tests.MainRunner@2ddc8ecb]" name="validatePrices" class="tests.MainRunner"/>
      </group> <!-- validate prices -->
      <group name="Open Web Site test">
        <method signature="MainRunner.openWebSite()[pri:1, instance:tests.MainRunner@2ddc8ecb]" name="openWebSite" class="tests.MainRunner"/>
      </group> <!-- Open Web Site test -->
      <group name="Up Footer test">
        <method signature="MainRunner.moveToNewIn()[pri:2, instance:tests.MainRunner@2ddc8ecb]" name="moveToNewIn" class="tests.MainRunner"/>
      </group> <!-- Up Footer test -->
      <group name="set filters and sort">
        <method signature="MainRunner.setFiltersAndSort()[pri:4, instance:tests.MainRunner@2ddc8ecb]" name="setFiltersAndSort" class="tests.MainRunner"/>
      </group> <!-- set filters and sort -->
    </groups>
    <test started-at="2020-09-23T10:00:00 IDT" name="Up Footer" finished-at="2020-09-23T10:00:47 IDT" duration-ms="47496">
      <class name="tests.MainRunner">
        <test-method is-config="true" signature="setup(java.lang.String)[pri:0, instance:tests.MainRunner@2ddc8ecb]" started-at="2020-09-23T10:00:00 IDT" name="setup" finished-at="2020-09-23T10:00:06 IDT" duration-ms="6053" status="PASS">
          <params>
            <param index="0">
              <value>
                <![CDATA[chrome]]>
              </value>
            </param>
          </params>
          <reporter-output>
          </reporter-output>
        </test-method> <!-- setup -->
        <test-method signature="openWebSite()[pri:1, instance:tests.MainRunner@2ddc8ecb]" started-at="2020-09-23T10:00:06 IDT" name="openWebSite" description="Open the web site test" finished-at="2020-09-23T10:00:09 IDT" duration-ms="2965" status="PASS">
          <reporter-output>
          </reporter-output>
        </test-method> <!-- openWebSite -->
        <test-method signature="moveToNewIn()[pri:2, instance:tests.MainRunner@2ddc8ecb]" started-at="2020-09-23T10:00:09 IDT" name="moveToNewIn" description="navigate to new in page" finished-at="2020-09-23T10:00:21 IDT" duration-ms="12413" status="PASS">
          <reporter-output>
          </reporter-output>
        </test-method> <!-- moveToNewIn -->
        <test-method signature="changeCurrency()[pri:3, instance:tests.MainRunner@2ddc8ecb]" started-at="2020-09-23T10:00:21 IDT" name="changeCurrency" description="change currency" finished-at="2020-09-23T10:00:26 IDT" duration-ms="4384" status="PASS">
          <reporter-output>
          </reporter-output>
        </test-method> <!-- changeCurrency -->
        <test-method signature="setFiltersAndSort()[pri:4, instance:tests.MainRunner@2ddc8ecb]" started-at="2020-09-23T10:00:26 IDT" name="setFiltersAndSort" description="filters and sort" finished-at="2020-09-23T10:00:44 IDT" duration-ms="17993" status="PASS">
          <reporter-output>
          </reporter-output>
        </test-method> <!-- setFiltersAndSort -->
        <test-method signature="validatePrices()[pri:5, instance:tests.MainRunner@2ddc8ecb]" started-at="2020-09-23T10:00:44 IDT" name="validatePrices" description="validate prices" finished-at="2020-09-23T10:00:46 IDT" duration-ms="2142" status="FAIL">
          <exception class="java.lang.AssertionError">
            <message>
              <![CDATA[items total price is higher than $270 expected [true] but found [false]]]>
            </message>
            <full-stacktrace>
              <![CDATA[java.lang.AssertionError: items total price is higher than $270 expected [true] but found [false]
at org.testng.Assert.fail(Assert.java:97)
at org.testng.Assert.failNotEquals(Assert.java:969)
at org.testng.Assert.assertTrue(Assert.java:43)
at pages.NewInPage.validatePrices(NewInPage.java:83)
at tests.MainRunner.validatePrices(MainRunner.java:38)
at java.base/jdk.internal.reflect.NativeMethodAccessorImpl.invoke0(Native Method)
at java.base/jdk.internal.reflect.NativeMethodAccessorImpl.invoke(NativeMethodAccessorImpl.java:62)
at java.base/jdk.internal.reflect.DelegatingMethodAccessorImpl.invoke(DelegatingMethodAccessorImpl.java:43)
at java.base/java.lang.reflect.Method.invoke(Method.java:567)
at org.testng.internal.MethodInvocationHelper.invokeMethod(MethodInvocationHelper.java:134)
at org.testng.internal.TestInvoker.invokeMethod(TestInvoker.java:597)
at org.testng.internal.TestInvoker.invokeTestMethod(TestInvoker.java:173)
at org.testng.internal.MethodRunner.runInSequence(MethodRunner.java:46)
at org.testng.internal.TestInvoker$MethodInvocationAgent.invoke(TestInvoker.java:816)
at org.testng.internal.TestInvoker.invokeTestMethods(TestInvoker.java:146)
at org.testng.internal.TestMethodWorker.invokeTestMethods(TestMethodWorker.java:146)
at org.testng.internal.TestMethodWorker.run(TestMethodWorker.java:128)
at java.base/java.util.ArrayList.forEach(ArrayList.java:1540)
at org.testng.TestRunner.privateRun(TestRunner.java:766)
at org.testng.TestRunner.run(TestRunner.java:587)
at org.testng.SuiteRunner.runTest(SuiteRunner.java:384)
at org.testng.SuiteRunner.runSequentially(SuiteRunner.java:378)
at org.testng.SuiteRunner.privateRun(SuiteRunner.java:337)
at org.testng.SuiteRunner.run(SuiteRunner.java:286)
at org.testng.SuiteRunnerWorker.runSuite(SuiteRunnerWorker.java:53)
at org.testng.SuiteRunnerWorker.run(SuiteRunnerWorker.java:96)
at org.testng.TestNG.runSuitesSequentially(TestNG.java:1187)
at org.testng.TestNG.runSuitesLocally(TestNG.java:1109)
at org.testng.TestNG.runSuites(TestNG.java:1039)
at org.testng.TestNG.run(TestNG.java:1007)
at org.testng.remote.AbstractRemoteTestNG.run(AbstractRemoteTestNG.java:115)
at org.testng.remote.RemoteTestNG.initAndRun(RemoteTestNG.java:251)
at org.testng.remote.RemoteTestNG.main(RemoteTestNG.java:77)
]]>
            </full-stacktrace>
          </exception> <!-- java.lang.AssertionError -->
          <reporter-output>
          </reporter-output>
        </test-method> <!-- validatePrices -->
        <test-method is-config="true" signature="close()[pri:0, instance:tests.MainRunner@2ddc8ecb]" started-at="2020-09-23T10:00:47 IDT" name="close" finished-at="2020-09-23T10:00:47 IDT" duration-ms="620" status="PASS">
          <reporter-output>
          </reporter-output>
        </test-method> <!-- close -->
      </class> <!-- tests.MainRunner -->
    </test> <!-- Up Footer -->
  </suite> <!-- Suite -->
</testng-results>
